Copyright 1986-2018 Xilinx, Inc. All Rights Reserved.
---------------------------------------------------------------------------------------
| Tool Version : Vivado v.2018.2 (win64) Build 2258646 Thu Jun 14 20:03:12 MDT 2018
| Date         : Thu Jan 19 11:01:20 2023
| Host         : DESKTOP-PA4JMU6 running 64-bit major release  (build 9200)
| Command      : report_control_sets -verbose -file top_module_control_sets_placed.rpt
| Design       : top_module
| Device       : xc7a100t
---------------------------------------------------------------------------------------

Control Set Information

Table of Contents
-----------------
1. Summary
2. Histogram
3. Flip-Flop Distribution
4. Detailed Control Set Information

1. Summary
----------

+----------------------------------------------------------+-------+
|                          Status                          | Count |
+----------------------------------------------------------+-------+
| Number of unique control sets                            |    17 |
| Unused register locations in slices containing registers |    76 |
+----------------------------------------------------------+-------+


2. Histogram
------------

+--------+--------------+
| Fanout | Control Sets |
+--------+--------------+
|      2 |           11 |
|      6 |            1 |
|      8 |            1 |
|    16+ |            4 |
+--------+--------------+


3. Flip-Flop Distribution
-------------------------

+--------------+-----------------------+------------------------+-----------------+--------------+
| Clock Enable | Synchronous Set/Reset | Asynchronous Set/Reset | Total Registers | Total Slices |
+--------------+-----------------------+------------------------+-----------------+--------------+
| No           | No                    | No                     |               8 |            2 |
| No           | No                    | Yes                    |             152 |           24 |
| No           | Yes                   | No                     |               0 |            0 |
| Yes          | No                    | No                     |               0 |            0 |
| Yes          | No                    | Yes                    |              76 |           20 |
| Yes          | Yes                   | No                     |               0 |            0 |
+--------------+-----------------------+------------------------+-----------------+--------------+


4. Detailed Control Set Information
-----------------------------------

+----------------------------------+--------------------------------+-----------------------------+------------------+----------------+
|           Clock Signal           |          Enable Signal         |       Set/Reset Signal      | Slice Load Count | Bel Load Count |
+----------------------------------+--------------------------------+-----------------------------+------------------+----------------+
|  elevator/busy_state_reg_i_2_n_0 |                                |                             |                1 |              2 |
|  clk50hz_BUFG                    | elevator/led_outside_0_i_1_n_0 | elevator/led_inside_0_reg_0 |                1 |              2 |
|  clk50hz_BUFG                    | elevator/led_outside_227_out   | elevator/led_inside_0_reg_0 |                1 |              2 |
|  clk50hz_BUFG                    | elevator/led_inside_263_out    | elevator/led_inside_0_reg_0 |                1 |              2 |
|  clk50hz_BUFG                    | elevator/led_inside_441_out    | elevator/led_inside_0_reg_0 |                1 |              2 |
|  clk50hz_BUFG                    | elevator/led_inside_174_out    | elevator/led_inside_0_reg_0 |                1 |              2 |
|  clk50hz_BUFG                    | elevator/led_inside_0_i_1_n_0  | elevator/led_inside_0_reg_0 |                1 |              2 |
|  clk50hz_BUFG                    | elevator/led_outside_1_i_1_n_0 | elevator/led_inside_0_reg_0 |                1 |              2 |
|  clk50hz_BUFG                    | elevator/led_inside_349_out    | elevator/led_inside_0_reg_0 |                1 |              2 |
|  clk50hz_BUFG                    | elevator/led_outside_48_out    | elevator/led_inside_0_reg_0 |                1 |              2 |
|  clk50hz_BUFG                    | elevator/led_outside_316_out   | elevator/led_inside_0_reg_0 |                1 |              2 |
|  elevator/a[1]                   |                                |                             |                1 |              6 |
|  clk_IBUF_BUFG                   | seven_segment_display/state    | elevator/led_inside_0_reg_0 |                2 |              8 |
|  clk50hz_BUFG                    | elevator/c[0]_i_1_n_0          | elevator/led_inside_0_reg_0 |                3 |             24 |
|  clk50hz_BUFG                    | elevator/current_floor         | elevator/led_inside_0_reg_0 |                5 |             24 |
|  clk50hz_BUFG                    |                                | elevator/led_inside_0_reg_0 |                7 |             30 |
|  clk_IBUF_BUFG                   |                                | elevator/led_inside_0_reg_0 |               17 |            122 |
+----------------------------------+--------------------------------+-----------------------------+------------------+----------------+


