#-----------------------------------------------------------
# Vivado v2018.2 (64-bit)
# SW Build 2258646 on Thu Jun 14 20:03:12 MDT 2018
# IP Build 2256618 on Thu Jun 14 22:10:49 MDT 2018
# Start of session at: Sun Jan 22 15:09:07 2023
# Process ID: 26388
# Current directory: C:/Users/Hakan/Desktop/Sabancý/CS303/Term Project/term_project_debug
# Command line: vivado.exe -gui_launcher_event rodinguilauncherevent26996 C:\Users\Hakan\Desktop\Sabancý\CS303\Term Project\term_project_debug\term_project_debug.xpr
# Log file: C:/Users/Hakan/Desktop/Sabancý/CS303/Term Project/term_project_debug/vivado.log
# Journal file: C:/Users/Hakan/Desktop/Sabancý/CS303/Term Project/term_project_debug\vivado.jou
#-----------------------------------------------------------
start_gui
open_project {C:/Users/Hakan/Desktop/Sabancý/CS303/Term Project/term_project_debug/term_project_debug.xpr}
Scanning sources...
Finished scanning sources
INFO: [IP_Flow 19-234] Refreshing IP repositories
INFO: [IP_Flow 19-1704] No user IP repositories specified
INFO: [IP_Flow 19-2313] Loaded Vivado IP repository 'C:/Xilinx/Vivado/2018.2/data/ip'.
update_compile_order -fileset sources_1
exit
INFO: [Common 17-206] Exiting Vivado at Sun Jan 22 15:10:40 2023...
