#-----------------------------------------------------------
# Vivado v2018.2 (64-bit)
# SW Build 2258646 on Thu Jun 14 20:03:12 MDT 2018
# IP Build 2256618 on Thu Jun 14 22:10:49 MDT 2018
# Start of session at: Sat Jan 21 13:34:09 2023
# Process ID: 36816
# Current directory: C:/Users/Hakan/Desktop/Sabancý/CS303/Term Project/term_project_debug
# Command line: vivado.exe -gui_launcher_event rodinguilauncherevent35832 C:\Users\Hakan\Desktop\Sabancý\CS303\Term Project\term_project_debug\term_project_debug.xpr
# Log file: C:/Users/Hakan/Desktop/Sabancý/CS303/Term Project/term_project_debug/vivado.log
# Journal file: C:/Users/Hakan/Desktop/Sabancý/CS303/Term Project/term_project_debug\vivado.jou
#-----------------------------------------------------------
start_gui
open_project {C:/Users/Hakan/Desktop/Sabancý/CS303/Term Project/term_project_debug/term_project_debug.xpr}
INFO: [Project 1-313] Project file moved from 'C:/Users/Hakan/term_project_debug' since last save.
WARNING: [Project 1-312] File not found as 'C:/Users/Hakan/Desktop/Sabancý/CS303/Term Project/Downloads/clk_divider.v'; using path 'C:/Users/Hakan/Downloads/clk_divider.v' instead.
WARNING: [Project 1-312] File not found as 'C:/Users/Hakan/Desktop/Sabancý/CS303/Term Project/Downloads/debouncer.v'; using path 'C:/Users/Hakan/Downloads/debouncer.v' instead.
WARNING: [Project 1-312] File not found as 'C:/Users/Hakan/Desktop/Sabancý/CS303/Term Project/Downloads/ssd.v'; using path 'C:/Users/Hakan/Downloads/ssd.v' instead.
WARNING: [Project 1-312] File not found as 'C:/Users/Hakan/Desktop/Sabancý/CS303/Term Project/Downloads/project.xdc'; using path 'C:/Users/Hakan/Downloads/project.xdc' instead.
Scanning sources...
Finished scanning sources
WARNING: [Project 1-312] File not found as 'C:/Users/Hakan/Desktop/Sabancý/CS303/Term Project/Downloads/clk_divider.v'; using path 'C:/Users/Hakan/Downloads/clk_divider.v' instead.
WARNING: [Project 1-312] File not found as 'C:/Users/Hakan/Desktop/Sabancý/CS303/Term Project/Downloads/debouncer.v'; using path 'C:/Users/Hakan/Downloads/debouncer.v' instead.
WARNING: [Project 1-312] File not found as 'C:/Users/Hakan/Desktop/Sabancý/CS303/Term Project/Downloads/ssd.v'; using path 'C:/Users/Hakan/Downloads/ssd.v' instead.
WARNING: [Project 1-312] File not found as 'C:/Users/Hakan/Desktop/Sabancý/CS303/Term Project/Downloads/project.xdc'; using path 'C:/Users/Hakan/Downloads/project.xdc' instead.
WARNING: [Project 1-312] File not found as 'C:/Users/Hakan/Desktop/Sabancý/CS303/Term Project/Downloads/clk_divider.v'; using path 'C:/Users/Hakan/Downloads/clk_divider.v' instead.
WARNING: [Project 1-312] File not found as 'C:/Users/Hakan/Desktop/Sabancý/CS303/Term Project/Downloads/debouncer.v'; using path 'C:/Users/Hakan/Downloads/debouncer.v' instead.
WARNING: [Project 1-312] File not found as 'C:/Users/Hakan/Desktop/Sabancý/CS303/Term Project/Downloads/ssd.v'; using path 'C:/Users/Hakan/Downloads/ssd.v' instead.
WARNING: [Project 1-312] File not found as 'C:/Users/Hakan/Desktop/Sabancý/CS303/Term Project/Downloads/project.xdc'; using path 'C:/Users/Hakan/Downloads/project.xdc' instead.
INFO: [IP_Flow 19-234] Refreshing IP repositories
INFO: [IP_Flow 19-1704] No user IP repositories specified
INFO: [IP_Flow 19-2313] Loaded Vivado IP repository 'C:/Xilinx/Vivado/2018.2/data/ip'.
open_project: Time (s): cpu = 00:00:13 ; elapsed = 00:00:06 . Memory (MB): peak = 868.379 ; gain = 130.508
update_compile_order -fileset sources_1
exit
INFO: [Common 17-206] Exiting Vivado at Sat Jan 21 13:42:15 2023...
